<?xml version="1.0" encoding="UTF-8"?>
<!-- Generated by org.testng.reporters.JUnitReportReporter -->
<testsuite skipped="0" hostname="Admin-PC" name="test.LoginTest19" tests="2" failures="0" timestamp="2020-05-26T20:05:28 IST" time="10.024" errors="0">
  <testcase name="login" time="10.017" classname="test.LoginTest19"/>
  <testcase name="test" time="0.007" classname="test.LoginTest19"/>
</testsuite> <!-- test.LoginTest19 -->
