<?xml version="1.0" encoding="UTF-8"?>
<!-- Generated by org.testng.reporters.JUnitReportReporter -->
<testsuite skipped="0" hostname="Admin-PC" name="test.BibleTest3" tests="2" failures="0" timestamp="2020-05-31T17:59:22 IST" time="52.597" errors="0">
  <testcase name="EnterDetails3" time="52.554" classname="test.BibleTest3"/>
  <testcase name="test" time="0.043" classname="test.BibleTest3"/>
</testsuite> <!-- test.BibleTest3 -->
