<?xml version="1.0" encoding="UTF-8"?>
<!-- Generated by org.testng.reporters.JUnitReportReporter -->
<testsuite skipped="0" hostname="Admin-PC" name="test.BibleTest" tests="2" failures="0" timestamp="2020-05-29T10:10:16 IST" time="21.560" errors="0">
  <testcase name="EnterDetails" time="21.503" classname="test.BibleTest"/>
  <testcase name="test" time="0.057" classname="test.BibleTest"/>
</testsuite> <!-- test.BibleTest -->
