<?xml version="1.0" encoding="UTF-8"?>
<!-- Generated by org.testng.reporters.JUnitReportReporter -->
<testsuite skipped="0" hostname="LAPTOP-PDSUHO03" name="test.BibleTest5" tests="5" failures="0" timestamp="2020-08-09T01:36:09 PDT" time="90.696" errors="0">
  <testcase name="EnterDetails4" time="36.291" classname="test.BibleTest5"/>
  <system-out/>
  <testcase name="EnterDetails3" time="16.594" classname="test.BibleTest5"/>
  <system-out/>
  <testcase name="EnterDetails" time="17.365" classname="test.BibleTest5"/>
  <system-out/>
  <testcase name="EnterDetails5" time="14.419" classname="test.BibleTest5"/>
  <system-out/>
  <testcase name="EnterDetails2" time="6.027" classname="test.BibleTest5"/>
  <system-out/>
</testsuite> <!-- test.BibleTest5 -->
